<?xml version="1.0" encoding="UTF-8"?>
<!-- Generated by org.testng.reporters.JUnitReportReporter -->
<testsuite skipped="0" hostname="DESKTOP-EANLT2E" name="testcases.StoreTest" tests="1" failures="0" timestamp="2022-09-27T10:30:59 IST" time="19.232" errors="0">
  <testcase name="testSomething" time="19.232" classname="testcases.StoreTest"/>
  <system-out/>
</testsuite> <!-- testcases.StoreTest -->
